<?xml version="1.0" encoding="UTF-8"?>
<testsuite xmlns:xsi="http://www.w3.org/2001/XMLSchema-instance" xsi:noNamespaceSchemaLocation="https://maven.apache.org/surefire/maven-surefire-plugin/xsd/surefire-test-report.xsd" version="3.0.2" name="spw4.connectfour.ConnectFourImplTests" time="2.851" tests="29" errors="0" skipped="0" failures="0">
  <properties>
[...]
</properties>
  <testcase name="testGameOver_withWinnerHorizontal_returnsTrue" classname="spw4.connectfour.ConnectFourImplTests" time="2.195"/>
  <testcase name="testGameOver_withWinnerVertical_returnsTrue" classname="spw4.connectfour.ConnectFourImplTests" time="0.003"/>
  <testcase name="testReset" classname="spw4.connectfour.ConnectFourImplTests" time="0.002"/>
  <testcase name="testToString" classname="spw4.connectfour.ConnectFourImplTests" time="0.005"/>
  <testcase name="testGameOver_onEmptyBoard_returnsFalse" classname="spw4.connectfour.ConnectFourImplTests" time="0.003"/>
  <testcase name="testConstructorWithBoard_withValidPlayers(Player)[1]" classname="spw4.connectfour.ConnectFourImplTests" time="0.003"/>
  <testcase name="testConstructorWithBoard_withValidPlayers(Player)[2]" classname="spw4.connectfour.ConnectFourImplTests" time="0.002"/>
  <testcase name="testGameOver_withWinnerVertical_StepByStep_returnsTrue" classname="spw4.connectfour.ConnectFourImplTests" time="0.002"/>
  <testcase name="testGameOver_withWinnerHorizontal_StepByStep_returnsTrue" classname="spw4.connectfour.ConnectFourImplTests" time="0.002"/>
  <testcase name="testDrop_DoesNotSwitchPlayer_WhenOutOfBounds(int)[1]" classname="spw4.connectfour.ConnectFourImplTests" time="0.004"/>
  <testcase name="testDrop_DoesNotSwitchPlayer_WhenOutOfBounds(int)[2]" classname="spw4.connectfour.ConnectFourImplTests" time="0.003"/>
  <testcase name="testDrop_DoesNotSwitchPlayer_WhenOutOfBounds(int)[3]" classname="spw4.connectfour.ConnectFourImplTests" time="0.002"/>
  <testcase name="testDrop_DoesNotSwitchPlayer_WhenOutOfBounds(int)[4]" classname="spw4.connectfour.ConnectFourImplTests" time="0.002"/>
  <testcase name="testDrop_DoesNotSwitchPlayer_WhenOutOfBounds(int)[5]" classname="spw4.connectfour.ConnectFourImplTests" time="0.002"/>
  <testcase name="testBaseConstructor_withInvalidPlayers(Player)[1]" classname="spw4.connectfour.ConnectFourImplTests" time="0.004"/>
  <testcase name="testBaseConstructor_withInvalidPlayers(Player)[2]" classname="spw4.connectfour.ConnectFourImplTests" time="0.005"/>
  <testcase name="testGameOver_withFullBoard_returnsTrue_noWinner" classname="spw4.connectfour.ConnectFourImplTests" time="0.003"/>
  <testcase name="testGetPlayerAt_ChecksSameIndexAsBoard" classname="spw4.connectfour.ConnectFourImplTests" time="0.485"/>
  <testcase name="testGameOver_withWinnerDiagonalDown_returnsTrue" classname="spw4.connectfour.ConnectFourImplTests" time="0.007"/>
  <testcase name="testGameOver_withWinnerDiagonalDown_StepByStep_returnsTrue" classname="spw4.connectfour.ConnectFourImplTests" time="0.008"/>
  <testcase name="testConstructorWithBoard_withInvalidPlayers(Player)[1]" classname="spw4.connectfour.ConnectFourImplTests" time="0.005"/>
  <testcase name="testConstructorWithBoard_withInvalidPlayers(Player)[2]" classname="spw4.connectfour.ConnectFourImplTests" time="0.003"/>
  <testcase name="testBaseConstructor_withValidPlayers(Player)[1]" classname="spw4.connectfour.ConnectFourImplTests" time="0.002"/>
  <testcase name="testBaseConstructor_withValidPlayers(Player)[2]" classname="spw4.connectfour.ConnectFourImplTests" time="0.002"/>
  <testcase name="testGameOver_withWinnerDiagonalUp_returnsTrue" classname="spw4.connectfour.ConnectFourImplTests" time="0.002"/>
  <testcase name="testDrop_SwitchesPlayer_OnSuccess" classname="spw4.connectfour.ConnectFourImplTests" time="0.002"/>
  <testcase name="testGameOver_withWinnerDiagonalUp_StepByStep_returnsTrue" classname="spw4.connectfour.ConnectFourImplTests" time="0.004"/>
  <testcase name="testDrop_DoesNotSwitchPlayer_OnFullColumn" classname="spw4.connectfour.ConnectFourImplTests" time="0.002"/>
  <testcase name="testGetCurrentPlayer_afterStart" classname="spw4.connectfour.ConnectFourImplTests" time="0.002"/>
</testsuite>